{"uid":"1a40ca7d19916ab8","name":"Login successful with correct credentials","fullName":"workshopcucumberadvance/Login/Login.feature:5","historyId":"53502c05fb9ca968ee51e314db76c05a","time":{"start":1733846890958,"stop":1733846899512,"duration":8554},"status":"broken","statusMessage":"Keys to send should be a not null CharSequence","statusTrace":"java.lang.IllegalArgumentException: Keys to send should be a not null CharSequence\n\tat org.openqa.selenium.remote.RemoteWebElement.sendKeys(RemoteWebElement.java:96)\n\tat java.base/jdk.internal.reflect.DirectMethodHandleAccessor.invoke(DirectMethodHandleAccessor.java:103)\n\tat java.base/java.lang.reflect.Method.invoke(Method.java:580)\n\tat org.openqa.selenium.support.pagefactory.internal.LocatingElementHandler.invoke(LocatingElementHandler.java:51)\n\tat jdk.proxy2/jdk.proxy2.$Proxy28.sendKeys(Unknown Source)\n\tat utils.HelperMethods.sendKeysInElement(HelperMethods.java:360)\n\tat workshopcucumberadvance.Pages.Login.LoginPage.completePassword(LoginPage.java:52)\n\tat workshopcucumberadvance.Test.StepsDef.login.LoginStepDefs.completePasswordFieldWithRoleCredentials(LoginStepDefs.java:59)\n\tat ✽.User completes Password field with \"normalAccount\" credentials(classpath:workshopcucumberadvance/Login/Login.feature:9)\n","flaky":false,"newFailed":false,"newBroken":false,"newPassed":false,"retriesCount":0,"retriesStatusChange":false,"beforeStages":[{"name":"workshopcucumberadvance.Test.StepsDef.hook.init.initializeTest(io.cucumber.java.Scenario)","time":{"start":1733846890959,"stop":1733846897415,"duration":6456},"status":"passed","steps":[],"attachments":[],"parameters":[],"stepsCount":0,"attachmentsCount":0,"shouldDisplayMessage":false,"hasContent":false}],"testStage":{"status":"broken","statusMessage":"Keys to send should be a not null CharSequence","statusTrace":"java.lang.IllegalArgumentException: Keys to send should be a not null CharSequence\n\tat org.openqa.selenium.remote.RemoteWebElement.sendKeys(RemoteWebElement.java:96)\n\tat java.base/jdk.internal.reflect.DirectMethodHandleAccessor.invoke(DirectMethodHandleAccessor.java:103)\n\tat java.base/java.lang.reflect.Method.invoke(Method.java:580)\n\tat org.openqa.selenium.support.pagefactory.internal.LocatingElementHandler.invoke(LocatingElementHandler.java:51)\n\tat jdk.proxy2/jdk.proxy2.$Proxy28.sendKeys(Unknown Source)\n\tat utils.HelperMethods.sendKeysInElement(HelperMethods.java:360)\n\tat workshopcucumberadvance.Pages.Login.LoginPage.completePassword(LoginPage.java:52)\n\tat workshopcucumberadvance.Test.StepsDef.login.LoginStepDefs.completePasswordFieldWithRoleCredentials(LoginStepDefs.java:59)\n\tat ✽.User completes Password field with \"normalAccount\" credentials(classpath:workshopcucumberadvance/Login/Login.feature:9)\n","steps":[{"name":"Given An \"normalAccount\" is logged in the system","time":{"start":1733846897448,"stop":1733846899099,"duration":1651},"status":"passed","steps":[],"attachments":[{"uid":"eddba3ec7c7d12ba","name":"Request","source":"eddba3ec7c7d12ba.html","type":"text/html","size":715},{"uid":"21a2309a2970ece","name":"HTTP/1.1 401 Unauthorized","source":"21a2309a2970ece.html","type":"text/html","size":1624}],"parameters":[],"stepsCount":0,"attachmentsCount":2,"shouldDisplayMessage":false,"hasContent":true},{"name":"When Login page is displayed","time":{"start":1733846899099,"stop":1733846899148,"duration":49},"status":"passed","steps":[],"attachments":[],"parameters":[],"stepsCount":0,"attachmentsCount":0,"shouldDisplayMessage":false,"hasContent":false},{"name":"And User completes Email field with \"normalAccount\" credentials","time":{"start":1733846899148,"stop":1733846899310,"duration":162},"status":"passed","steps":[],"attachments":[],"parameters":[],"stepsCount":0,"attachmentsCount":0,"shouldDisplayMessage":false,"hasContent":false},{"name":"And User completes Password field with \"normalAccount\" credentials","time":{"start":1733846899310,"stop":1733846899420,"duration":110},"status":"broken","statusMessage":"Keys to send should be a not null CharSequence","statusTrace":"java.lang.IllegalArgumentException: Keys to send should be a not null CharSequence\n\tat org.openqa.selenium.remote.RemoteWebElement.sendKeys(RemoteWebElement.java:96)\n\tat java.base/jdk.internal.reflect.DirectMethodHandleAccessor.invoke(DirectMethodHandleAccessor.java:103)\n\tat java.base/java.lang.reflect.Method.invoke(Method.java:580)\n\tat org.openqa.selenium.support.pagefactory.internal.LocatingElementHandler.invoke(LocatingElementHandler.java:51)\n\tat jdk.proxy2/jdk.proxy2.$Proxy28.sendKeys(Unknown Source)\n\tat utils.HelperMethods.sendKeysInElement(HelperMethods.java:360)\n\tat workshopcucumberadvance.Pages.Login.LoginPage.completePassword(LoginPage.java:52)\n\tat workshopcucumberadvance.Test.StepsDef.login.LoginStepDefs.completePasswordFieldWithRoleCredentials(LoginStepDefs.java:59)\n\tat ✽.User completes Password field with \"normalAccount\" credentials(classpath:workshopcucumberadvance/Login/Login.feature:9)\n","steps":[],"attachments":[],"parameters":[],"stepsCount":0,"attachmentsCount":0,"shouldDisplayMessage":true,"hasContent":true},{"name":"And User clicks on Login button","time":{"start":1733846899421,"stop":1733846899421,"duration":0},"status":"skipped","steps":[],"attachments":[],"parameters":[],"stepsCount":0,"attachmentsCount":0,"shouldDisplayMessage":false,"hasContent":false},{"name":"Then the Home page is displayed","time":{"start":1733846899421,"stop":1733846899421,"duration":0},"status":"skipped","steps":[],"attachments":[],"parameters":[],"stepsCount":0,"attachmentsCount":0,"shouldDisplayMessage":false,"hasContent":false}],"attachments":[],"parameters":[],"stepsCount":6,"attachmentsCount":2,"shouldDisplayMessage":false,"hasContent":true},"afterStages":[{"name":"workshopcucumberadvance.Test.StepsDef.hook.init.TearDownTest(io.cucumber.java.Scenario)","time":{"start":1733846899421,"stop":1733846899510,"duration":89},"status":"passed","steps":[],"attachments":[],"parameters":[],"stepsCount":0,"attachmentsCount":0,"shouldDisplayMessage":false,"hasContent":false}],"labels":[{"name":"tag","value":"Regression"},{"name":"tag","value":"Login"},{"name":"tag","value":"Logins"},{"name":"host","value":"192.168.1.4"},{"name":"thread","value":"70577@192.168.1.4.main(1)"},{"name":"feature","value":"Login"},{"name":"story","value":"Login successful with correct credentials"},{"name":"suite","value":"Login"},{"name":"testClass","value":"Login successful with correct credentials"},{"name":"framework","value":"cucumber4jvm"},{"name":"language","value":"java"},{"name":"gherkin_uri","value":"classpath:workshopcucumberadvance/Login/Login.feature"},{"name":"package","value":"workshopcucumberadvance.Login.Login_feature.Login"},{"name":"resultFormat","value":"allure2"}],"parameters":[],"links":[],"hidden":false,"retry":false,"extra":{"severity":"normal","retries":[],"categories":[{"name":"Test defects","matchedStatuses":[],"flaky":false}],"tags":["Logins","Regression","Login"]},"source":"1a40ca7d19916ab8.json","parameterValues":[]}